run:
# JMH version: 1.26
# VM version: JDK 1.8.0_111, Java HotSpot(TM) 64-Bit Server VM, 25.111-b14
# VM invoker: C:\Program Files\Java\jdk1.8.0_111\jre\bin\java.exe
# VM options: -Xms2G -Xmx2G
# Warmup: 5 iterations, 10 s each
# Measurement: 5 iterations, 10 s each
# Timeout: 10 min per iteration
# Threads: 1 thread, will synchronize iterations
# Benchmark mode: Average time, time/op
# Benchmark: com.test.adt.speed.TestSortListAddingSpeeds.sortArrList
# Parameters: (N = 100)

# Run progress: 0.00% complete, ETA 00:03:20
# Fork: 1 of 1
# Warmup Iteration   1: 191.181 ms/op
# Warmup Iteration   2: 648.422 ms/op
# Warmup Iteration   3: 754.581 ms/op
# Warmup Iteration   4: 890.949 ms/op
# Warmup Iteration   5: 1148.951 ms/op
Iteration   1: 1037.487 ms/op
Iteration   2: 1100.148 ms/op
Iteration   3: 1180.734 ms/op
Iteration   4: 1344.312 ms/op
Iteration   5: 1442.148 ms/op


Result "com.test.adt.speed.TestSortListAddingSpeeds.sortArrList":
  1220.966 ±(99.9%) 650.108 ms/op [Average]
  (min, avg, max) = (1037.487, 1220.966, 1442.148), stdev = 168.831
  CI (99.9%): [570.858, 1871.074] (assumes normal distribution)


# JMH version: 1.26
# VM version: JDK 1.8.0_111, Java HotSpot(TM) 64-Bit Server VM, 25.111-b14
# VM invoker: C:\Program Files\Java\jdk1.8.0_111\jre\bin\java.exe
# VM options: -Xms2G -Xmx2G
# Warmup: 5 iterations, 10 s each
# Measurement: 5 iterations, 10 s each
# Timeout: 10 min per iteration
# Threads: 1 thread, will synchronize iterations
# Benchmark mode: Average time, time/op
# Benchmark: com.test.adt.speed.TestSortListAddingSpeeds.sortCollection
# Parameters: (N = 100)

# Run progress: 50.00% complete, ETA 00:01:45
# Fork: 1 of 1
# Warmup Iteration   1: 17.051 ms/op
# Warmup Iteration   2: 39.084 ms/op
# Warmup Iteration   3: 53.501 ms/op
# Warmup Iteration   4: 69.945 ms/op
# Warmup Iteration   5: 94.607 ms/op
Iteration   1: 103.175 ms/op
Iteration   2: 109.924 ms/op
Iteration   3: 122.050 ms/op
Iteration   4: 124.193 ms/op
Iteration   5: 123.944 ms/op


Result "com.test.adt.speed.TestSortListAddingSpeeds.sortCollection":
  116.657 ±(99.9%) 36.837 ms/op [Average]
  (min, avg, max) = (103.175, 116.657, 124.193), stdev = 9.566
  CI (99.9%): [79.820, 153.494] (assumes normal distribution)


# Run complete. Total time: 00:03:26

REMEMBER: The numbers below are just data. To gain reusable insights, you need to follow up on
why the numbers are the way they are. Use profilers (see -prof, -lprof), design factorial
experiments, perform baseline and negative tests that provide experimental control, make sure
the benchmarking environment is safe on JVM/OS/HW level, ask for reviews from the domain experts.
Do not assume the numbers tell you what you want them to tell.

Benchmark                                (N)  Mode  Cnt     Score     Error  Units
TestSortListAddingSpeeds.sortArrList     100  avgt    5  1220.966 ± 650.108  ms/op
TestSortListAddingSpeeds.sortCollection  100  avgt    5   116.657 ±  36.837  ms/op
BUILD SUCCESSFUL (total time: 3 minutes 28 seconds)
