run:
# JMH version: 1.26
# VM version: JDK 1.8.0_111, Java HotSpot(TM) 64-Bit Server VM, 25.111-b14
# VM invoker: C:\Program Files\Java\jdk1.8.0_111\jre\bin\java.exe
# VM options: -Xms2G -Xmx2G
# Warmup: 5 iterations, 10 s each
# Measurement: 5 iterations, 10 s each
# Timeout: 10 min per iteration
# Threads: 1 thread, will synchronize iterations
# Benchmark mode: Average time, time/op
# Benchmark: com.test.adt.speed.TestSortListSlotAlgorithmSpeeds.BubberSloting
# Parameters: (N = 10000)

# Run progress: 0.00% complete, ETA 00:08:20
# Fork: 1 of 1
# Warmup Iteration   1: 0.005 ms/op
# Warmup Iteration   2: 0.005 ms/op
# Warmup Iteration   3: 0.005 ms/op
# Warmup Iteration   4: 0.006 ms/op
# Warmup Iteration   5: 0.005 ms/op
Iteration   1: 0.005 ms/op
Iteration   2: 0.006 ms/op
Iteration   3: 0.005 ms/op
Iteration   4: 0.005 ms/op
Iteration   5: 0.005 ms/op


Result "com.test.adt.speed.TestSortListSlotAlgorithmSpeeds.BubberSloting":
  0.005 ±(99.9%) 0.001 ms/op [Average]
  (min, avg, max) = (0.005, 0.005, 0.006), stdev = 0.001
  CI (99.9%): [0.005, 0.006] (assumes normal distribution)


# JMH version: 1.26
# VM version: JDK 1.8.0_111, Java HotSpot(TM) 64-Bit Server VM, 25.111-b14
# VM invoker: C:\Program Files\Java\jdk1.8.0_111\jre\bin\java.exe
# VM options: -Xms2G -Xmx2G
# Warmup: 5 iterations, 10 s each
# Measurement: 5 iterations, 10 s each
# Timeout: 10 min per iteration
# Threads: 1 thread, will synchronize iterations
# Benchmark mode: Average time, time/op
# Benchmark: com.test.adt.speed.TestSortListSlotAlgorithmSpeeds.InsertSloting
# Parameters: (N = 10000)

# Run progress: 20.00% complete, ETA 00:06:41
# Fork: 1 of 1
# Warmup Iteration   1: 0.024 ms/op
# Warmup Iteration   2: 0.017 ms/op
# Warmup Iteration   3: 0.012 ms/op
# Warmup Iteration   4: 0.013 ms/op
# Warmup Iteration   5: 0.012 ms/op
Iteration   1: 0.012 ms/op
Iteration   2: 0.011 ms/op
Iteration   3: 0.011 ms/op
Iteration   4: 0.011 ms/op
Iteration   5: 0.011 ms/op


Result "com.test.adt.speed.TestSortListSlotAlgorithmSpeeds.InsertSloting":
  0.011 ±(99.9%) 0.003 ms/op [Average]
  (min, avg, max) = (0.011, 0.011, 0.012), stdev = 0.001
  CI (99.9%): [0.009, 0.014] (assumes normal distribution)


# JMH version: 1.26
# VM version: JDK 1.8.0_111, Java HotSpot(TM) 64-Bit Server VM, 25.111-b14
# VM invoker: C:\Program Files\Java\jdk1.8.0_111\jre\bin\java.exe
# VM options: -Xms2G -Xmx2G
# Warmup: 5 iterations, 10 s each
# Measurement: 5 iterations, 10 s each
# Timeout: 10 min per iteration
# Threads: 1 thread, will synchronize iterations
# Benchmark mode: Average time, time/op
# Benchmark: com.test.adt.speed.TestSortListSlotAlgorithmSpeeds.MergeSloting
# Parameters: (N = 10000)

# Run progress: 40.00% complete, ETA 00:05:01
# Fork: 1 of 1
# Warmup Iteration   1: 0.801 ms/op
# Warmup Iteration   2: 0.759 ms/op
# Warmup Iteration   3: 0.771 ms/op
# Warmup Iteration   4: 0.793 ms/op
# Warmup Iteration   5: 0.798 ms/op
Iteration   1: 0.788 ms/op
Iteration   2: 0.777 ms/op
Iteration   3: 0.773 ms/op
Iteration   4: 0.796 ms/op
Iteration   5: 0.763 ms/op


Result "com.test.adt.speed.TestSortListSlotAlgorithmSpeeds.MergeSloting":
  0.779 ±(99.9%) 0.049 ms/op [Average]
  (min, avg, max) = (0.763, 0.779, 0.796), stdev = 0.013
  CI (99.9%): [0.730, 0.828] (assumes normal distribution)


# JMH version: 1.26
# VM version: JDK 1.8.0_111, Java HotSpot(TM) 64-Bit Server VM, 25.111-b14
# VM invoker: C:\Program Files\Java\jdk1.8.0_111\jre\bin\java.exe
# VM options: -Xms2G -Xmx2G
# Warmup: 5 iterations, 10 s each
# Measurement: 5 iterations, 10 s each
# Timeout: 10 min per iteration
# Threads: 1 thread, will synchronize iterations
# Benchmark mode: Average time, time/op
# Benchmark: com.test.adt.speed.TestSortListSlotAlgorithmSpeeds.QuickSloting
# Parameters: (N = 10000)

# Run progress: 60.00% complete, ETA 00:03:20
# Fork: 1 of 1
# Warmup Iteration   1: 0.211 ms/op
# Warmup Iteration   2: 0.213 ms/op
# Warmup Iteration   3: 0.232 ms/op
# Warmup Iteration   4: 0.250 ms/op
# Warmup Iteration   5: 0.251 ms/op
Iteration   1: 0.231 ms/op
Iteration   2: 0.213 ms/op
Iteration   3: 0.221 ms/op
Iteration   4: 0.240 ms/op
Iteration   5: 0.235 ms/op


Result "com.test.adt.speed.TestSortListSlotAlgorithmSpeeds.QuickSloting":
  0.228 ±(99.9%) 0.042 ms/op [Average]
  (min, avg, max) = (0.213, 0.228, 0.240), stdev = 0.011
  CI (99.9%): [0.186, 0.270] (assumes normal distribution)


# JMH version: 1.26
# VM version: JDK 1.8.0_111, Java HotSpot(TM) 64-Bit Server VM, 25.111-b14
# VM invoker: C:\Program Files\Java\jdk1.8.0_111\jre\bin\java.exe
# VM options: -Xms2G -Xmx2G
# Warmup: 5 iterations, 10 s each
# Measurement: 5 iterations, 10 s each
# Timeout: 10 min per iteration
# Threads: 1 thread, will synchronize iterations
# Benchmark mode: Average time, time/op
# Benchmark: com.test.adt.speed.TestSortListSlotAlgorithmSpeeds.SelectionSloting
# Parameters: (N = 10000)

# Run progress: 80.00% complete, ETA 00:01:40
# Fork: 1 of 1
# Warmup Iteration   1: 22.739 ms/op
# Warmup Iteration   2: 22.582 ms/op
# Warmup Iteration   3: 21.951 ms/op
# Warmup Iteration   4: 22.340 ms/op
# Warmup Iteration   5: 22.261 ms/op
Iteration   1: 22.090 ms/op
Iteration   2: 22.203 ms/op
Iteration   3: 22.898 ms/op
Iteration   4: 21.576 ms/op
Iteration   5: 21.498 ms/op


Result "com.test.adt.speed.TestSortListSlotAlgorithmSpeeds.SelectionSloting":
  22.053 ±(99.9%) 2.173 ms/op [Average]
  (min, avg, max) = (21.498, 22.053, 22.898), stdev = 0.564
  CI (99.9%): [19.880, 24.225] (assumes normal distribution)


# Run complete. Total time: 00:08:22

REMEMBER: The numbers below are just data. To gain reusable insights, you need to follow up on
why the numbers are the way they are. Use profilers (see -prof, -lprof), design factorial
experiments, perform baseline and negative tests that provide experimental control, make sure
the benchmarking environment is safe on JVM/OS/HW level, ask for reviews from the domain experts.
Do not assume the numbers tell you what you want them to tell.

Benchmark                                           (N)  Mode  Cnt   Score   Error  Units
TestSortListSlotAlgorithmSpeeds.BubberSloting     10000  avgt    5   0.005 ± 0.001  ms/op
TestSortListSlotAlgorithmSpeeds.InsertSloting     10000  avgt    5   0.011 ± 0.003  ms/op
TestSortListSlotAlgorithmSpeeds.MergeSloting      10000  avgt    5   0.779 ± 0.049  ms/op
TestSortListSlotAlgorithmSpeeds.QuickSloting      10000  avgt    5   0.228 ± 0.042  ms/op
TestSortListSlotAlgorithmSpeeds.SelectionSloting  10000  avgt    5  22.053 ± 2.173  ms/op
BUILD SUCCESSFUL (total time: 8 minutes 23 seconds)
